  Proyecto Final.cpp
C:\Users\SAUL HABRAHAM\Outside Onedrive\Escuela\Computación Gráfica\314041502_ProyectoFinal_Gpo12\ProyectoFinal\ProyectoFinal\Proyecto Final.cpp(249,30): warning C4244: 'inicializando': conversión de 'double' a 'GLfloat'; posible pérdida de datos
C:\Users\SAUL HABRAHAM\Outside Onedrive\Escuela\Computación Gráfica\314041502_ProyectoFinal_Gpo12\ProyectoFinal\ProyectoFinal\Proyecto Final.cpp(212,38): warning C4101: 'nrChannels': variable local sin referencia
C:\Users\SAUL HABRAHAM\Outside Onedrive\Escuela\Computación Gráfica\314041502_ProyectoFinal_Gpo12\ProyectoFinal\ProyectoFinal\Proyecto Final.cpp(212,9): warning C4101: 'textureWidth': variable local sin referencia
C:\Users\SAUL HABRAHAM\Outside Onedrive\Escuela\Computación Gráfica\314041502_ProyectoFinal_Gpo12\ProyectoFinal\ProyectoFinal\Proyecto Final.cpp(214,20): warning C4101: 'image': variable local sin referencia
C:\Users\SAUL HABRAHAM\Outside Onedrive\Escuela\Computación Gráfica\314041502_ProyectoFinal_Gpo12\ProyectoFinal\ProyectoFinal\Proyecto Final.cpp(212,23): warning C4101: 'textureHeight': variable local sin referencia
C:\Users\SAUL HABRAHAM\Outside Onedrive\Escuela\Computación Gráfica\314041502_ProyectoFinal_Gpo12\ProyectoFinal\ProyectoFinal\Proyecto Final.cpp(406,17): warning C4244: '=': conversión de 'double' a 'GLfloat'; posible pérdida de datos
C:\Users\SAUL HABRAHAM\Outside Onedrive\Escuela\Computación Gráfica\314041502_ProyectoFinal_Gpo12\ProyectoFinal\ProyectoFinal\Proyecto Final.cpp(407,17): warning C4244: '=': conversión de 'double' a 'GLfloat'; posible pérdida de datos
C:\Users\SAUL HABRAHAM\Outside Onedrive\Escuela\Computación Gráfica\314041502_ProyectoFinal_Gpo12\ProyectoFinal\ProyectoFinal\Proyecto Final.cpp(411,21): warning C4244: 'inicializando': conversión de 'double' a 'GLfloat'; posible pérdida de datos
C:\Users\SAUL HABRAHAM\Outside Onedrive\Escuela\Computación Gráfica\314041502_ProyectoFinal_Gpo12\ProyectoFinal\ProyectoFinal\Proyecto Final.cpp(412,21): warning C4244: 'inicializando': conversión de 'double' a 'GLfloat'; posible pérdida de datos
C:\Users\SAUL HABRAHAM\Outside Onedrive\Escuela\Computación Gráfica\314041502_ProyectoFinal_Gpo12\ProyectoFinal\ProyectoFinal\Proyecto Final.cpp(414,13): warning C4244: '=': conversión de 'double' a 'GLfloat'; posible pérdida de datos
C:\Users\SAUL HABRAHAM\Outside Onedrive\Escuela\Computación Gráfica\314041502_ProyectoFinal_Gpo12\ProyectoFinal\ProyectoFinal\Proyecto Final.cpp(415,13): warning C4244: '=': conversión de 'double' a 'GLfloat'; posible pérdida de datos
LINK : warning LNK4098: la biblioteca predeterminada'MSVCRT' entra en conflicto con otras bibliotecas; use la biblioteca /NODEFAULTLIB:biblioteca
soil2-debug.lib(etc1_utils.obj) : warning LNK4099: no se encontró PDB 'soil2-debug.pdb' con 'soil2-debug.lib(etc1_utils.obj)' o en 'C:\Users\SAUL HABRAHAM\Outside Onedrive\Escuela\Computación Gráfica\314041502_ProyectoFinal_Gpo12\ProyectoFinal\Debug\soil2-debug.pdb'; se vinculará el objeto sin tener en cuenta información de depuración
soil2-debug.lib(image_DXT.obj) : warning LNK4099: no se encontró PDB 'soil2-debug.pdb' con 'soil2-debug.lib(image_DXT.obj)' o en 'C:\Users\SAUL HABRAHAM\Outside Onedrive\Escuela\Computación Gráfica\314041502_ProyectoFinal_Gpo12\ProyectoFinal\Debug\soil2-debug.pdb'; se vinculará el objeto sin tener en cuenta información de depuración
soil2-debug.lib(image_helper.obj) : warning LNK4099: no se encontró PDB 'soil2-debug.pdb' con 'soil2-debug.lib(image_helper.obj)' o en 'C:\Users\SAUL HABRAHAM\Outside Onedrive\Escuela\Computación Gráfica\314041502_ProyectoFinal_Gpo12\ProyectoFinal\Debug\soil2-debug.pdb'; se vinculará el objeto sin tener en cuenta información de depuración
soil2-debug.lib(SOIL2.obj) : warning LNK4099: no se encontró PDB 'soil2-debug.pdb' con 'soil2-debug.lib(SOIL2.obj)' o en 'C:\Users\SAUL HABRAHAM\Outside Onedrive\Escuela\Computación Gráfica\314041502_ProyectoFinal_Gpo12\ProyectoFinal\Debug\soil2-debug.pdb'; se vinculará el objeto sin tener en cuenta información de depuración
  ProyectoFinal.vcxproj -> C:\Users\SAUL HABRAHAM\Outside Onedrive\Escuela\Computación Gráfica\314041502_ProyectoFinal_Gpo12\ProyectoFinal\Debug\ProyectoFinal.exe
C:\Users\SAUL HABRAHAM\Outside Onedrive\Escuela\Computación Gráfica\314041502_ProyectoFinal_Gpo12\ProyectoFinal\ProyectoFinal\Camera.h(77): warning C26812: El tipo de enumeración "Camera_Movement" no tiene ámbito. Prefiera "enum class" a "enum" (Enum.3).
C:\Users\SAUL HABRAHAM\Outside Onedrive\Escuela\Computación Gráfica\314041502_ProyectoFinal_Gpo12\ProyectoFinal\External Libraries\assimp\include\assimp\mesh.h(214): warning C26495: La variable "aiVertexWeight::mWeight" no está inicializada. Siempre debe inicializarse una variable miembro (type.6).
C:\Users\SAUL HABRAHAM\Outside Onedrive\Escuela\Computación Gráfica\314041502_ProyectoFinal_Gpo12\ProyectoFinal\External Libraries\assimp\include\assimp\mesh.h(260): warning C26495: La variable "aiBone::mWeights" no está inicializada. Siempre debe inicializarse una variable miembro (type.6).
C:\Users\SAUL HABRAHAM\Outside Onedrive\Escuela\Computación Gráfica\314041502_ProyectoFinal_Gpo12\ProyectoFinal\External Libraries\assimp\include\assimp\light.h(240): warning C26812: El tipo de enumeración "aiLightSourceType" no tiene ámbito. Prefiera "enum class" a "enum" (Enum.3).
C:\Users\SAUL HABRAHAM\Outside Onedrive\Escuela\Computación Gráfica\314041502_ProyectoFinal_Gpo12\ProyectoFinal\External Libraries\assimp\include\assimp\material.h(613): warning C26812: El tipo de enumeración "aiPropertyTypeInfo" no tiene ámbito. Prefiera "enum class" a "enum" (Enum.3).
C:\Users\SAUL HABRAHAM\Outside Onedrive\Escuela\Computación Gráfica\314041502_ProyectoFinal_Gpo12\ProyectoFinal\External Libraries\assimp\include\assimp\material.h(1401): warning C26812: El tipo de enumeración "aiReturn" no tiene ámbito. Prefiera "enum class" a "enum" (Enum.3).
C:\Users\SAUL HABRAHAM\Outside Onedrive\Escuela\Computación Gráfica\314041502_ProyectoFinal_Gpo12\ProyectoFinal\External Libraries\assimp\include\assimp\material.inl(66): warning C26812: El tipo de enumeración "aiTextureType" no tiene ámbito. Prefiera "enum class" a "enum" (Enum.3).
C:\Users\SAUL HABRAHAM\Outside Onedrive\Escuela\Computación Gráfica\314041502_ProyectoFinal_Gpo12\ProyectoFinal\External Libraries\assimp\include\assimp\anim.h(164): warning C26495: La variable "aiMeshKey::mValue" no está inicializada. Siempre debe inicializarse una variable miembro (type.6).
C:\Users\SAUL HABRAHAM\Outside Onedrive\Escuela\Computación Gráfica\314041502_ProyectoFinal_Gpo12\ProyectoFinal\External Libraries\assimp\include\assimp\anim.h(329): warning C26812: El tipo de enumeración "aiAnimBehaviour" no tiene ámbito. Prefiera "enum class" a "enum" (Enum.3).
C:\Users\SAUL HABRAHAM\Outside Onedrive\Escuela\Computación Gráfica\314041502_ProyectoFinal_Gpo12\ProyectoFinal\External Libraries\assimp\include\assimp\metadata.h(97): warning C26812: El tipo de enumeración "aiMetadataType" no tiene ámbito. Prefiera "enum class" a "enum" (Enum.3).
C:\Users\SAUL HABRAHAM\Outside Onedrive\Escuela\Computación Gráfica\314041502_ProyectoFinal_Gpo12\ProyectoFinal\ProyectoFinal\mesh.h(35): warning C26495: La variable "Texture::id" no está inicializada. Siempre debe inicializarse una variable miembro (type.6).
C:\Users\SAUL HABRAHAM\Outside Onedrive\Escuela\Computación Gráfica\314041502_ProyectoFinal_Gpo12\ProyectoFinal\ProyectoFinal\Model.h(225): warning C6001: Usando la memoria sin inicializar 'format'.
C:\Users\SAUL HABRAHAM\Outside Onedrive\Escuela\Computación Gráfica\314041502_ProyectoFinal_Gpo12\ProyectoFinal\ProyectoFinal\Texture.h(34): warning C6001: Usando la memoria sin inicializar 'format'.
